I 000 T = 18.11.2015 10:16:41  Opened. Build 9.12.225
I 000 Loaded (Build 9.12.101) Workspace C:\Users\R\Documents\Delovni\WinIdea\Delo\ASM\PIO_LED\asmpr1.jrf
E 000 WinUSB Error AsyncReadWriteFile(0, hPipe = 0x1): operation failed. GetLastError() = 0x16
E 000 WinUSB Error AbortPipe(): failed. Error = 22
E 000 WinUSB Error ResetPipe(): failed. Error = 22
E 000 WinUSB Error WriteShortEx()-retry: Error = -110
E 000 WinUSB Error AsyncReadWriteFile(0, hPipe = 0x1): operation failed. GetLastError() = 0x16
E 000 WinUSB Error AbortPipe(): failed. Error = 22
E 000 WinUSB Error ResetPipe(): failed. Error = 22
E 000 WinUSB Error GetDeviceState()-retry: Error = -110
E 000 WinUSB Error AsyncReadWriteFile(0, hPipe = 0x1): operation failed. GetLastError() = 0x16
E 000 WinUSB Error AbortPipe(): failed. Error = 22
E 000 WinUSB Error ResetPipe(): failed. Error = 22
E 000 WinUSB Error SetIdle()-retry: Error = -110
E 000 WinUSB Error IsDevicePresent(): Device \\?\usb#vid_06f9&pid_d001#5&ecb7860&0&2#{a5dcbf10-6530-11d2-901f-00c04fb951ed} does not appear to be present. Closing handles...
E 000 WinUSB Error GetDeviceState(): Error = -50
E 000 WinUSB Error SetIdle(): Device not opened
E 000 WinUSB Error WriteShortEx() failed: Error = -7
E 000 WinUSB Error IsDevicePresent(): Device \\?\usb#vid_06f9&pid_d001#5&ecb7860&0&2#{a5dcbf10-6530-11d2-901f-00c04fb951ed} does not appear to be present. Closing handles...
I 000 Loaded (Build 9.12.128) Workspace C:\winIDEA\Delo\FRI_SMS_2015\asmpr1.jrf
